<?xml version="1.0" encoding="UTF-8"?>
<testng-results ignored="0" total="1" passed="1" failed="0" skipped="0">
  <reporter-output>
  </reporter-output>
  <suite started-at="2022-01-12T11:05:20 NZDT" name="Surefire suite" finished-at="2022-01-12T11:08:45 NZDT" duration-ms="205282">
    <groups>
    </groups>
    <test started-at="2022-01-12T11:05:20 NZDT" name="Surefire test" finished-at="2022-01-12T11:08:45 NZDT" duration-ms="205282">
      <class name="testCases.Test001_NokiaFastMileTest">
        <test-method signature="TC001_NokiaFastMileTest()[pri:0, instance:testCases.Test001_NokiaFastMileTest@48f2bd5b]" started-at="2022-01-12T11:05:20 NZDT" name="TC001_NokiaFastMileTest" finished-at="2022-01-12T11:08:45 NZDT" duration-ms="205248" status="PASS">
          <reporter-output>
          </reporter-output>
        </test-method> <!-- TC001_NokiaFastMileTest -->
      </class> <!-- testCases.Test001_NokiaFastMileTest -->
    </test> <!-- Surefire test -->
  </suite> <!-- Surefire suite -->
</testng-results>
